[2011-05-05 17:44:38] INFO  WEBrick 1.3.1
[2011-05-05 17:44:38] INFO  ruby 1.8.7 (2009-06-12) [universal-darwin10.0]
[2011-05-05 17:44:38] INFO  WEBrick::HTTPServer#start: pid=489 port=3000
=> Booting WEBrick
=> Rails 3.0.7 application starting in development on http://0.0.0.0:3000
=> Call with -d to detach
=> Ctrl-C to shutdown server


Started GET "/" for 127.0.0.1 at Thu May 05 17:45:02 +0200 2011
  Processing by PagesController#home as HTML
Rendered layouts/_stylesheets.html.erb (1.2ms)
Rendered layouts/_header.html.erb (1.1ms)
Rendered layouts/_footer.html.erb (0.4ms)
Rendered pages/home.html.erb within layouts/application (9.1ms)
Completed 200 OK in 16ms (Views: 15.9ms | ActiveRecord: 0.0ms)


Started GET "/about" for 127.0.0.1 at Thu May 05 17:45:06 +0200 2011
  Processing by PagesController#about as HTML
Rendered layouts/_stylesheets.html.erb (1.4ms)
Rendered layouts/_header.html.erb (0.7ms)
Rendered layouts/_footer.html.erb (0.4ms)
Rendered pages/about.html.erb within layouts/application (8.1ms)
Completed 200 OK in 16ms (Views: 15.0ms | ActiveRecord: 0.0ms)


Started GET "/help" for 127.0.0.1 at Thu May 05 17:45:13 +0200 2011
  Processing by PagesController#help as HTML
Rendered layouts/_stylesheets.html.erb (1.2ms)
Rendered layouts/_header.html.erb (2.8ms)
Rendered layouts/_footer.html.erb (0.4ms)
Rendered pages/help.html.erb within layouts/application (11.6ms)
Completed 200 OK in 25ms (Views: 24.3ms | ActiveRecord: 0.0ms)


Started GET "/" for 127.0.0.1 at Thu May 05 17:46:01 +0200 2011
  Processing by PagesController#home as HTML
Rendered layouts/_stylesheets.html.erb (1.8ms)
Rendered layouts/_header.html.erb (0.9ms)
Rendered layouts/_footer.html.erb (0.4ms)
Rendered pages/home.html.erb within layouts/application (8.9ms)
Completed 200 OK in 17ms (Views: 16.1ms | ActiveRecord: 0.0ms)


Started GET "/contact" for 127.0.0.1 at Thu May 05 17:46:26 +0200 2011
  Processing by PagesController#contact as HTML
Rendered layouts/_stylesheets.html.erb (1.4ms)
Rendered layouts/_header.html.erb (0.7ms)
Rendered layouts/_footer.html.erb (97.7ms)
Rendered pages/contact.html.erb within layouts/application (106.1ms)
Completed 200 OK in 114ms (Views: 113.1ms | ActiveRecord: 0.0ms)


Started GET "/contact" for 127.0.0.1 at Thu May 05 17:54:26 +0200 2011
  Processing by PagesController#contact as HTML
Rendered layouts/_stylesheets.html.erb (1.3ms)
Rendered layouts/_header.html.erb (1.5ms)
Rendered layouts/_footer.html.erb (0.9ms)
Rendered pages/contact.html.erb within layouts/application (9.8ms)
Completed 200 OK in 17ms (Views: 16.1ms | ActiveRecord: 0.0ms)


Started GET "/" for 127.0.0.1 at Thu May 05 17:54:28 +0200 2011
  Processing by PagesController#home as HTML
Rendered layouts/_stylesheets.html.erb (1.2ms)
Rendered layouts/_header.html.erb (1.5ms)
Rendered layouts/_footer.html.erb (0.9ms)
Rendered pages/home.html.erb within layouts/application (9.1ms)
Completed 200 OK in 16ms (Views: 15.9ms | ActiveRecord: 0.0ms)


Started GET "/contact" for 127.0.0.1 at Thu May 05 17:55:05 +0200 2011
  Processing by PagesController#contact as HTML
Rendered layouts/_stylesheets.html.erb (1.2ms)
Rendered layouts/_header.html.erb (1.9ms)
Rendered layouts/_footer.html.erb (0.9ms)
Rendered pages/contact.html.erb within layouts/application (9.5ms)
Completed 200 OK in 17ms (Views: 16.1ms | ActiveRecord: 0.0ms)


Started GET "/" for 127.0.0.1 at Thu May 05 17:55:09 +0200 2011
  Processing by PagesController#home as HTML
Rendered layouts/_stylesheets.html.erb (1.4ms)
Rendered layouts/_header.html.erb (1.6ms)
Rendered layouts/_footer.html.erb (75.7ms)
Rendered pages/home.html.erb within layouts/application (84.8ms)
Completed 200 OK in 92ms (Views: 91.2ms | ActiveRecord: 0.0ms)


Started GET "/" for 127.0.0.1 at Thu May 05 17:55:11 +0200 2011
  Processing by PagesController#home as HTML
Rendered layouts/_stylesheets.html.erb (1.2ms)
Rendered layouts/_header.html.erb (1.6ms)
Rendered layouts/_footer.html.erb (0.9ms)
Rendered pages/home.html.erb within layouts/application (9.3ms)
Completed 200 OK in 16ms (Views: 15.7ms | ActiveRecord: 0.0ms)


Started GET "/" for 127.0.0.1 at Thu May 05 17:55:12 +0200 2011
  Processing by PagesController#home as HTML
Rendered layouts/_stylesheets.html.erb (1.2ms)
Rendered layouts/_header.html.erb (1.5ms)
Rendered layouts/_footer.html.erb (0.9ms)
Rendered pages/home.html.erb within layouts/application (9.6ms)
Completed 200 OK in 16ms (Views: 16.0ms | ActiveRecord: 0.0ms)


Started GET "/" for 127.0.0.1 at Thu May 05 17:55:13 +0200 2011
  Processing by PagesController#home as HTML
Rendered layouts/_stylesheets.html.erb (1.3ms)
Rendered layouts/_header.html.erb (1.7ms)
Rendered layouts/_footer.html.erb (1.0ms)
Rendered pages/home.html.erb within layouts/application (9.7ms)
Completed 200 OK in 17ms (Views: 16.1ms | ActiveRecord: 0.0ms)


Started GET "/" for 127.0.0.1 at Thu May 05 17:55:15 +0200 2011
  Processing by PagesController#home as HTML
Rendered layouts/_stylesheets.html.erb (1.2ms)
Rendered layouts/_header.html.erb (1.5ms)
Rendered layouts/_footer.html.erb (67.4ms)
Rendered pages/home.html.erb within layouts/application (75.8ms)
Completed 200 OK in 83ms (Views: 82.1ms | ActiveRecord: 0.0ms)


Started GET "/help" for 127.0.0.1 at Thu May 05 17:55:17 +0200 2011
  Processing by PagesController#help as HTML
Rendered layouts/_stylesheets.html.erb (1.2ms)
Rendered layouts/_header.html.erb (1.7ms)
Rendered layouts/_footer.html.erb (0.9ms)
Rendered pages/help.html.erb within layouts/application (9.5ms)
Completed 200 OK in 16ms (Views: 15.9ms | ActiveRecord: 0.0ms)


Started GET "/contact" for 127.0.0.1 at Thu May 05 17:55:21 +0200 2011
  Processing by PagesController#contact as HTML
Rendered layouts/_stylesheets.html.erb (1.3ms)
Rendered layouts/_header.html.erb (1.7ms)
Rendered layouts/_footer.html.erb (1.0ms)
Rendered pages/contact.html.erb within layouts/application (9.4ms)
Completed 200 OK in 17ms (Views: 16.2ms | ActiveRecord: 0.0ms)


Started GET "/about" for 127.0.0.1 at Thu May 05 17:55:23 +0200 2011
  Processing by PagesController#about as HTML
Rendered layouts/_stylesheets.html.erb (1.3ms)
Rendered layouts/_header.html.erb (1.7ms)
Rendered layouts/_footer.html.erb (0.9ms)
Rendered pages/about.html.erb within layouts/application (9.5ms)
Completed 200 OK in 16ms (Views: 15.6ms | ActiveRecord: 0.0ms)


Started GET "/about" for 127.0.0.1 at Thu May 05 17:56:40 +0200 2011
  Processing by PagesController#about as HTML
Rendered layouts/_stylesheets.html.erb (1.2ms)
Rendered layouts/_header.html.erb (1.5ms)
Rendered layouts/_footer.html.erb (0.9ms)
Rendered pages/about.html.erb within layouts/application (8.8ms)
Completed 200 OK in 84ms (Views: 14.7ms | ActiveRecord: 0.0ms)


Started GET "/about" for 127.0.0.1 at Thu May 05 17:56:41 +0200 2011
  Processing by PagesController#about as HTML
Rendered layouts/_stylesheets.html.erb (1.2ms)
Rendered layouts/_header.html.erb (1.6ms)
Rendered layouts/_footer.html.erb (0.9ms)
Rendered pages/about.html.erb within layouts/application (9.0ms)
Completed 200 OK in 16ms (Views: 15.1ms | ActiveRecord: 0.0ms)


Started GET "/about" for 127.0.0.1 at Thu May 05 17:56:41 +0200 2011
  Processing by PagesController#about as HTML
Rendered layouts/_stylesheets.html.erb (1.2ms)
Rendered layouts/_header.html.erb (1.9ms)
Rendered layouts/_footer.html.erb (0.8ms)
Rendered pages/about.html.erb within layouts/application (9.5ms)
Completed 200 OK in 16ms (Views: 15.8ms | ActiveRecord: 0.0ms)


Started GET "/about" for 127.0.0.1 at Thu May 05 17:56:42 +0200 2011
  Processing by PagesController#about as HTML
Rendered layouts/_stylesheets.html.erb (1.7ms)
Rendered layouts/_header.html.erb (1.5ms)
Rendered layouts/_footer.html.erb (0.9ms)
Rendered pages/about.html.erb within layouts/application (9.4ms)
Completed 200 OK in 16ms (Views: 15.9ms | ActiveRecord: 0.0ms)


Started GET "/about" for 127.0.0.1 at Thu May 05 17:56:43 +0200 2011
  Processing by PagesController#about as HTML
Rendered layouts/_stylesheets.html.erb (1.2ms)
Rendered layouts/_header.html.erb (1.6ms)
Rendered layouts/_footer.html.erb (1.0ms)
Rendered pages/about.html.erb within layouts/application (9.2ms)
Completed 200 OK in 16ms (Views: 15.2ms | ActiveRecord: 0.0ms)


Started GET "/about" for 127.0.0.1 at Thu May 05 17:57:40 +0200 2011
  Processing by PagesController#about as HTML
Rendered layouts/_stylesheets.html.erb (1.4ms)
Rendered lay